<?xml version="1.0" encoding="UTF-8"?>
<!-- Generated by org.testng.reporters.JUnitXMLReporter -->
<testsuite hostname="MacBook-Pro.local" ignored="0" name="Default test" tests="4" failures="0" timestamp="2021-11-12T10:21:45 EST" time="2.259" errors="0">
  <testcase name="verifyItemsAddedToCart" time="1.065" classname="tests.CheckOut_TC1"/>
  <testcase name="verifyItemsAndTotalAtCheckout" time="0.678" classname="tests.CheckOut_TC1"/>
  <testcase name="verifyLoginPageLoaded" time="0.007" classname="tests.CheckOut_TC1"/>
  <testcase name="verifyOrderCompleted" time="0.024" classname="tests.CheckOut_TC1"/>
</testsuite> <!-- Default test -->
