<?xml version="1.0" encoding="UTF-8"?>
<!-- Generated by org.testng.reporters.JUnitXMLReporter -->
<testsuite hostname="MacBook-Pro.local" ignored="0" name="Test" tests="4" failures="0" timestamp="2021-11-12T11:24:39 EST" time="2.435" errors="0">
  <testcase name="verifyItemsAddedToCart" time="1.195" classname="tests.CheckOut_TC1"/>
  <testcase name="verifyItemsAndTotalAtCheckout" time="0.657" classname="tests.CheckOut_TC1"/>
  <testcase name="verifyLoginPageLoaded" time="0.006" classname="tests.CheckOut_TC1"/>
  <testcase name="verifyOrderCompleted" time="0.025" classname="tests.CheckOut_TC1"/>
</testsuite> <!-- Test -->
